{
  "RSpec": {
    "coverage": {
      "/Users/nellyduclos/code/knopfler81/personnal_projects/kamelot/app/controllers/admin/orders_controller.rb": [
        1,
        null,
        1,
        48,
        0,
        48,
        0,
        null,
        48,
        null,
        null,
        null,
        null,
        null,
        null,
        null,
        1,
        15,
        null,
        null,
        1,
        0,
        null,
        null,
        1,
        5,
        5,
        5,
        1,
        null,
        1,
        1,
        1,
        4,
        1,
        3,
        2,
        1,
        1,
        1,
        1,
        1,
        1,
        null,
        5,
        null,
        null,
        null,
        1,
        null,
        1,
        2,
        2,
        null,
        2,
        2,
        2,
        null,
        null,
        0,
        0,
        null,
        null,
        null,
        null,
        1,
        0,
        null,
        null,
        null,
        1,
        5,
        null,
        null
      ],
      "/Users/nellyduclos/code/knopfler81/personnal_projects/kamelot/app/controllers/admin/application_controller.rb": [
        1,
        null,
        1,
        null,
        1,
        1,
        1,
        null,
        1,
        131,
        null,
        null,
        1,
        null,
        1,
        115,
        null,
        null,
        1,
        null,
        1,
        115,
        null,
        null,
        1,
        0,
        null,
        null,
        1,
        115,
        115,
        115,
        null,
        null,
        null
      ],
      "/Users/nellyduclos/code/knopfler81/personnal_projects/kamelot/app/controllers/admin/products_controller.rb": [
        1,
        1,
        1,
        1,
        null,
        1,
        null,
        1,
        2,
        0,
        null,
        2,
        null,
        null,
        null,
        1,
        0,
        0,
        null,
        null,
        1,
        5,
        5,
        5,
        5,
        4,
        null,
        null,
        null,
        null,
        1,
        1,
        1,
        1,
        null,
        null,
        1,
        1,
        null,
        null,
        1,
        0,
        0,
        null,
        null,
        1,
        1,
        1,
        1,
        1,
        1,
        1,
        null,
        0,
        null,
        null,
        null,
        1,
        1,
        1,
        null,
        0,
        null,
        null,
        null,
        1,
        1,
        1,
        2,
        1,
        null,
        null,
        0,
        null,
        null,
        null,
        1,
        0,
        null,
        null,
        null,
        1,
        null,
        null,
        null,
        1,
        null,
        1,
        8,
        null,
        null,
        1,
        2,
        null,
        null,
        1,
        0,
        0,
        null,
        null,
        null,
        null
      ],
      "/Users/nellyduclos/code/knopfler81/personnal_projects/kamelot/app/controllers/clients/billing_addresses_controller.rb": [
        1,
        null,
        1,
        null,
        1,
        0,
        null,
        null,
        1,
        1,
        1,
        1,
        1,
        0,
        null,
        1,
        null,
        null,
        0,
        null,
        null,
        null,
        1,
        0,
        null,
        null,
        null,
        1,
        1,
        1,
        0,
        null,
        1,
        null,
        null,
        null,
        null,
        null,
        1,
        0,
        0,
        null,
        null,
        null,
        1,
        null,
        1,
        1,
        null,
        null,
        1,
        2,
        null,
        null
      ],
      "/Users/nellyduclos/code/knopfler81/personnal_projects/kamelot/app/controllers/clients/application_controller.rb": [
        1,
        null,
        1,
        null,
        1,
        1,
        null,
        1,
        127,
        null,
        1,
        null,
        1,
        0,
        null,
        null,
        1,
        85,
        null,
        null,
        1,
        1924,
        null,
        null,
        1,
        null,
        1,
        85,
        85,
        85,
        null,
        null,
        1,
        0,
        null,
        null,
        null
      ],
      "/Users/nellyduclos/code/knopfler81/personnal_projects/kamelot/app/controllers/clients/orders_controller.rb": [
        1,
        null,
        1,
        1,
        null,
        1,
        1,
        0,
        null,
        1,
        null,
        null,
        null,
        1,
        21,
        21,
        21,
        21,
        0,
        0,
        0,
        null,
        null,
        null,
        null,
        1,
        5,
        5,
        null,
        null,
        1,
        2,
        2,
        2,
        2,
        2,
        2,
        1,
        null,
        1,
        null,
        null,
        0,
        null,
        null,
        null,
        1,
        2,
        2,
        2,
        null,
        null,
        null,
        1,
        null,
        null,
        1,
        null,
        1,
        21,
        21,
        21,
        null,
        null,
        1,
        null,
        1,
        23,
        null,
        null,
        1,
        4,
        null,
        null
      ],
      "/Users/nellyduclos/code/knopfler81/personnal_projects/kamelot/app/controllers/clients/products_controller.rb": [
        1,
        null,
        1,
        2,
        0,
        null,
        2,
        null,
        null,
        null,
        1,
        10,
        10,
        10,
        null,
        null,
        null,
        1,
        0,
        null,
        null,
        1,
        null,
        1,
        10,
        null,
        null,
        1,
        0,
        0,
        null,
        null,
        null,
        null,
        1,
        10,
        10,
        9,
        9,
        null,
        null,
        null,
        null
      ],
      "/Users/nellyduclos/code/knopfler81/personnal_projects/kamelot/app/controllers/clients/shipping_addresses_controller.rb": [
        1,
        null,
        1,
        null,
        1,
        1,
        null,
        null,
        1,
        1,
        1,
        1,
        1,
        0,
        null,
        1,
        null,
        null,
        0,
        null,
        null,
        null,
        1,
        0,
        null,
        null,
        1,
        1,
        1,
        0,
        null,
        1,
        null,
        null,
        null,
        null,
        1,
        0,
        0,
        null,
        null,
        null,
        1,
        null,
        1,
        1,
        null,
        null,
        1,
        2,
        null,
        null
      ],
      "/Users/nellyduclos/code/knopfler81/personnal_projects/kamelot/app/models/sale_item.rb": [
        1,
        1,
        1,
        null
      ],
      "/Users/nellyduclos/code/knopfler81/personnal_projects/kamelot/app/models/supplier.rb": [
        1,
        1,
        1,
        null,
        1,
        1,
        1,
        1,
        null,
        null
      ],
      "/Users/nellyduclos/code/knopfler81/personnal_projects/kamelot/app/models/favorite.rb": [
        1,
        1,
        1,
        null
      ],
      "/Users/nellyduclos/code/knopfler81/personnal_projects/kamelot/app/models/order_item.rb": [
        1,
        1,
        1,
        1,
        null,
        null,
        1,
        null,
        null,
        1,
        null,
        null,
        1,
        2,
        0,
        null,
        2,
        null,
        null,
        null,
        1,
        null,
        1,
        86,
        null,
        null
      ],
      "/Users/nellyduclos/code/knopfler81/personnal_projects/kamelot/app/models/order.rb": [
        1,
        null,
        1,
        null,
        1,
        1,
        1,
        null,
        1,
        null,
        1,
        null,
        1,
        null,
        null,
        null,
        null,
        null,
        null,
        null,
        null,
        null,
        null,
        null,
        null,
        null,
        null,
        1,
        1,
        1,
        1,
        1,
        1,
        1,
        1,
        1,
        1,
        1,
        null,
        1,
        0,
        null,
        null,
        160,
        160,
        160,
        null,
        1,
        null,
        1,
        null,
        1,
        159,
        7,
        null,
        null,
        null,
        1,
        512,
        null,
        null,
        1,
        159,
        null,
        null,
        1,
        2,
        2,
        null,
        null,
        1,
        15,
        15,
        15,
        null,
        null,
        null,
        1,
        1,
        2,
        2,
        2,
        2,
        null,
        0,
        0,
        null,
        null,
        null,
        null,
        null,
        1,
        8,
        null,
        5,
        5,
        null,
        3,
        null,
        null,
        null,
        1,
        1524,
        null,
        null,
        1,
        4,
        2,
        null,
        2,
        null,
        4,
        null,
        null,
        1,
        4,
        2,
        null,
        2,
        null,
        4,
        null,
        null,
        1,
        3,
        0,
        null,
        3,
        null,
        3,
        null,
        null,
        1,
        0,
        0,
        null,
        0,
        0,
        null,
        0,
        null,
        null,
        1,
        2,
        2,
        2,
        0,
        null,
        2,
        null,
        null,
        1,
        0,
        null,
        null,
        1,
        0,
        null,
        null,
        1,
        0,
        null,
        null,
        1,
        0,
        null,
        null,
        null,
        null,
        null,
        null,
        null,
        null,
        null,
        null,
        null,
        null
      ],
      "/Users/nellyduclos/code/knopfler81/personnal_projects/kamelot/app/models/returning.rb": [
        1,
        1,
        1,
        1,
        null,
        1,
        null,
        1,
        null,
        1,
        1,
        1,
        null,
        null,
        1,
        12,
        null,
        null,
        1,
        67,
        10,
        1,
        1,
        1,
        null,
        null,
        null,
        null,
        1,
        66,
        1,
        null,
        null,
        null,
        1,
        66,
        12,
        54,
        8,
        null,
        null,
        null,
        1,
        51,
        51,
        14,
        null,
        null,
        null,
        null,
        null,
        null,
        null,
        null,
        null,
        null,
        null,
        null,
        null,
        null,
        null,
        1,
        null,
        13,
        16,
        null,
        null,
        1,
        9,
        null,
        null,
        1,
        1,
        null,
        null,
        1,
        1,
        null,
        null
      ],
      "/Users/nellyduclos/code/knopfler81/personnal_projects/kamelot/app/models/billing_address.rb": [
        1,
        null,
        1,
        null,
        1,
        1,
        1,
        null,
        1,
        0,
        null,
        null,
        null
      ],
      "/Users/nellyduclos/code/knopfler81/personnal_projects/kamelot/app/models/category.rb": [
        1,
        null,
        1,
        1,
        null,
        1,
        1,
        1,
        1,
        null,
        null,
        1,
        null,
        1,
        null,
        null,
        1,
        752,
        null,
        null,
        null
      ],
      "/Users/nellyduclos/code/knopfler81/personnal_projects/kamelot/app/models/company.rb": [
        1,
        null,
        1,
        null,
        1,
        135,
        null,
        null
      ],
      "/Users/nellyduclos/code/knopfler81/personnal_projects/kamelot/app/models/contact.rb": [
        1,
        1,
        1,
        1,
        null,
        null,
        null,
        1,
        null,
        null,
        null,
        null,
        0,
        null,
        null
      ],
      "/Users/nellyduclos/code/knopfler81/personnal_projects/kamelot/app/models/dashboard.rb": [
        1,
        null,
        1,
        null,
        1,
        18,
        18,
        18,
        null,
        null,
        null,
        1,
        1,
        null,
        null,
        1,
        0,
        null,
        null,
        null,
        1,
        1,
        null,
        null,
        1,
        0,
        0,
        null,
        0,
        null,
        null,
        1,
        1,
        null,
        null,
        1,
        1,
        null,
        null,
        1,
        1,
        null,
        null,
        1,
        1,
        null,
        null,
        null,
        null,
        1,
        1,
        null,
        null,
        1,
        1,
        null,
        null,
        1,
        1,
        null,
        null,
        1,
        0,
        null,
        null,
        null,
        1,
        1,
        null,
        null,
        1,
        1,
        null,
        null,
        1,
        1,
        null,
        null,
        1,
        0,
        0,
        null,
        null,
        1,
        0,
        0,
        0,
        null,
        0,
        null,
        null,
        null,
        null,
        1,
        1,
        null,
        null,
        1,
        1,
        null,
        null,
        1,
        1,
        null,
        null,
        1,
        1,
        null,
        null,
        1,
        1,
        null,
        null,
        1,
        1,
        null,
        null,
        1,
        0,
        0,
        0,
        null,
        0,
        null,
        null,
        null,
        null,
        null,
        1,
        0,
        null,
        null,
        null,
        1,
        0,
        null,
        null,
        1,
        0,
        null,
        null,
        1,
        0,
        null,
        null,
        1,
        0,
        null,
        null,
        1,
        0,
        null,
        null,
        1,
        0,
        null,
        null,
        1,
        0,
        null,
        null,
        1,
        0,
        null,
        null,
        null,
        1,
        0,
        0,
        null,
        0,
        null,
        null,
        1,
        0,
        0,
        null,
        0,
        null,
        null,
        1,
        0,
        0,
        null,
        0,
        0,
        null,
        0,
        null,
        null,
        1,
        0,
        null,
        null,
        1,
        0,
        null,
        null,
        1,
        null,
        1,
        36,
        null,
        36,
        null,
        null
      ],
      "/Users/nellyduclos/code/knopfler81/personnal_projects/kamelot/app/models/main_category.rb": [
        1,
        1,
        1,
        1,
        null,
        null,
        1,
        0,
        0,
        null,
        null,
        null,
        null
      ],
      "/Users/nellyduclos/code/knopfler81/personnal_projects/kamelot/app/models/sale.rb": [
        1,
        1,
        1,
        null,
        1,
        null,
        1,
        null,
        1,
        1,
        2,
        2,
        2,
        2,
        null,
        0,
        0,
        null,
        null,
        null,
        null,
        null,
        1,
        0,
        0,
        null,
        null,
        1,
        0,
        0,
        null,
        null,
        1,
        0,
        null,
        null,
        null,
        null,
        null
      ],
      "/Users/nellyduclos/code/knopfler81/personnal_projects/kamelot/app/models/shipping_address.rb": [
        1,
        1,
        null,
        1,
        1,
        1,
        null,
        1,
        3,
        null,
        null,
        null
      ],
      "/Users/nellyduclos/code/knopfler81/personnal_projects/kamelot/app/models/shopping_cart.rb": [
        1,
        null,
        1,
        null,
        1,
        197,
        null,
        null,
        1,
        null,
        105,
        240,
        null,
        null,
        1,
        184,
        null,
        null,
        1,
        11,
        11,
        11,
        null,
        11,
        1,
        null,
        10,
        null,
        null,
        11,
        9,
        1,
        null,
        8,
        null,
        null,
        2,
        0,
        null,
        2,
        null,
        null,
        null,
        11,
        null,
        11,
        11,
        11,
        null,
        null,
        null,
        null,
        null,
        null,
        null,
        null,
        null,
        null,
        1,
        1,
        1,
        1,
        1,
        1,
        null,
        null,
        1,
        2,
        2,
        2,
        null,
        null,
        null,
        1,
        null,
        null,
        1,
        14,
        14,
        null,
        null,
        null,
        null
      ],
      "/Users/nellyduclos/code/knopfler81/personnal_projects/kamelot/app/models/variant.rb": [
        1,
        1,
        null,
        1,
        1,
        1,
        1,
        null,
        null,
        1,
        14,
        0,
        null,
        14,
        null,
        null,
        null,
        1,
        16,
        null,
        null,
        1,
        96,
        null,
        null
      ],
      "/Users/nellyduclos/code/knopfler81/personnal_projects/kamelot/app/models/vending_basket.rb": [
        1,
        null,
        1,
        null,
        1,
        119,
        null,
        null,
        1,
        null,
        87,
        158,
        null,
        null,
        1,
        123,
        null,
        null,
        1,
        6,
        6,
        6,
        null,
        6,
        1,
        null,
        5,
        null,
        null,
        6,
        4,
        0,
        null,
        4,
        null,
        null,
        2,
        0,
        null,
        2,
        null,
        null,
        6,
        null,
        6,
        6,
        6,
        null,
        null,
        null,
        1,
        1,
        1,
        1,
        1,
        1,
        null,
        null,
        1,
        2,
        2,
        2,
        null,
        null,
        null,
        1,
        null,
        1,
        9,
        9,
        null,
        null
      ],
      "/Users/nellyduclos/code/knopfler81/personnal_projects/kamelot/app/mailers/user_mailer.rb": [
        1,
        null,
        1,
        221,
        221,
        null,
        null
      ],
      "/Users/nellyduclos/code/knopfler81/personnal_projects/kamelot/app/mailers/application_mailer.rb": [
        1,
        1,
        1,
        null,
        null
      ],
      "/Users/nellyduclos/code/knopfler81/personnal_projects/kamelot/app/controllers/application_controller.rb": [
        1,
        1,
        null,
        1,
        1,
        null,
        1,
        107,
        null,
        null,
        1,
        null,
        1,
        0,
        null,
        null,
        1,
        107,
        null,
        null,
        1,
        null,
        1,
        107,
        107,
        107,
        null,
        null,
        1,
        0,
        null,
        null,
        1,
        53,
        47,
        null,
        6,
        null,
        null,
        null,
        null
      ],
      "/Users/nellyduclos/code/knopfler81/personnal_projects/kamelot/app/models/customization.rb": [
        1,
        null,
        1,
        1,
        1,
        null,
        null,
        1,
        null,
        1,
        2888,
        null,
        null
      ],
      "/Users/nellyduclos/code/knopfler81/personnal_projects/kamelot/app/uploaders/main_image_uploader.rb": [
        1,
        1,
        null,
        1,
        null,
        1,
        0,
        null,
        1,
        null,
        null,
        1,
        1,
        null,
        null,
        1,
        0,
        null,
        null,
        1,
        0,
        null,
        null,
        1,
        122,
        null,
        null,
        1,
        0,
        null,
        null
      ],
      "/Users/nellyduclos/code/knopfler81/personnal_projects/kamelot/app/uploaders/second_image_uploader.rb": [
        1,
        1,
        null,
        1,
        null,
        1,
        0,
        null,
        1,
        null,
        null,
        1,
        1,
        null,
        null,
        1,
        0,
        null,
        null,
        1,
        0,
        null,
        null,
        1,
        0,
        null,
        null,
        1,
        0,
        null,
        null
      ],
      "/Users/nellyduclos/code/knopfler81/personnal_projects/kamelot/app/uploaders/third_image_uploader.rb": [
        1,
        1,
        null,
        1,
        null,
        1,
        0,
        null,
        1,
        null,
        null,
        1,
        1,
        null,
        null,
        1,
        0,
        null,
        null,
        1,
        0,
        null,
        null,
        1,
        0,
        null,
        null,
        1,
        0,
        null,
        null
      ],
      "/Users/nellyduclos/code/knopfler81/personnal_projects/kamelot/app/models/stock.rb": [
        1,
        1,
        1,
        null,
        1,
        null,
        1,
        0,
        0,
        null,
        0,
        null,
        null,
        null,
        1,
        null,
        1,
        35,
        null,
        null,
        null
      ],
      "/Users/nellyduclos/code/knopfler81/personnal_projects/kamelot/app/controllers/admin/order_items_controller.rb": [
        1,
        null,
        1,
        4,
        4,
        null,
        null,
        1,
        2,
        2,
        2,
        2,
        2,
        4,
        null,
        0,
        0,
        null,
        null,
        null,
        null,
        1,
        null,
        1,
        2,
        null,
        null
      ],
      "/Users/nellyduclos/code/knopfler81/personnal_projects/kamelot/app/mailers/order_mailer.rb": [
        1,
        null,
        1,
        2,
        2,
        null,
        null,
        1,
        2,
        2,
        null,
        null,
        1,
        2,
        2,
        null,
        null,
        1,
        2,
        2,
        null,
        null
      ],
      "/Users/nellyduclos/code/knopfler81/personnal_projects/kamelot/app/models/returning_item.rb": [
        1,
        1,
        1,
        1,
        null,
        1,
        null,
        1,
        0,
        null,
        null,
        1,
        32,
        32,
        null,
        null
      ],
      "/Users/nellyduclos/code/knopfler81/personnal_projects/kamelot/app/controllers/clients/returnings_controller.rb": [
        1,
        1,
        null,
        1,
        0,
        null,
        null,
        1,
        null,
        null,
        1,
        null,
        null,
        1,
        1,
        1,
        1,
        null,
        0,
        null,
        null,
        null,
        null,
        1,
        null,
        1,
        5,
        null,
        null,
        1,
        1,
        null,
        null
      ],
      "/Users/nellyduclos/code/knopfler81/personnal_projects/kamelot/app/mailers/returning_mailer.rb": [
        1,
        null,
        1,
        12,
        12,
        null,
        null,
        1,
        0,
        0,
        null,
        null,
        1,
        8,
        8,
        null,
        null,
        null
      ],
      "/Users/nellyduclos/code/knopfler81/personnal_projects/kamelot/app/controllers/clients/returning_items_controller.rb": [
        1,
        null,
        1,
        1,
        1,
        1,
        null,
        null,
        1,
        null,
        null,
        1,
        0,
        0,
        0,
        0,
        0,
        0,
        0,
        0,
        null,
        0,
        0,
        null,
        null,
        null,
        null,
        1,
        null,
        1,
        1,
        null,
        null,
        1,
        0,
        null,
        null
      ],
      "/Users/nellyduclos/code/knopfler81/personnal_projects/kamelot/app/controllers/clients/pages_controller.rb": [
        1,
        null,
        1,
        null,
        1,
        null,
        null,
        1,
        null,
        null,
        1,
        null,
        null,
        1,
        null,
        null,
        null,
        1,
        null,
        null,
        1,
        null,
        null,
        1,
        null,
        null,
        1,
        null,
        null,
        null,
        1,
        null,
        null,
        null,
        1,
        null,
        1,
        6,
        null,
        null
      ],
      "/Users/nellyduclos/code/knopfler81/personnal_projects/kamelot/app/controllers/clients/order_items_controller.rb": [
        1,
        null,
        1,
        12,
        null,
        null,
        1,
        9,
        9,
        null,
        9,
        null,
        9,
        null,
        9,
        null,
        null,
        null,
        null,
        9,
        null,
        0,
        0,
        null,
        null,
        null,
        1,
        0,
        null,
        null,
        1,
        1,
        1,
        1,
        null,
        1,
        1,
        1,
        null,
        null,
        null,
        null,
        1,
        2,
        null,
        0,
        0,
        null,
        null,
        null,
        null,
        1,
        1,
        1,
        1,
        2,
        null,
        null,
        null,
        1,
        null,
        1,
        0,
        null,
        null
      ],
      "/Users/nellyduclos/code/knopfler81/personnal_projects/kamelot/app/controllers/clients/favorites_controller.rb": [
        1,
        null,
        1,
        null,
        1,
        1,
        null,
        null,
        1,
        0,
        0,
        0,
        null,
        0,
        0,
        0,
        0,
        null,
        null,
        0,
        0,
        0,
        null,
        null,
        null,
        null,
        1,
        0,
        0,
        0,
        null,
        null,
        null,
        null,
        1,
        null,
        1,
        0,
        null,
        null,
        null,
        1,
        0,
        0,
        null,
        null
      ],
      "/Users/nellyduclos/code/knopfler81/personnal_projects/kamelot/app/controllers/admin/sale_items_controller.rb": [
        1,
        null,
        1,
        5,
        null,
        null,
        1,
        4,
        4,
        null,
        4,
        null,
        4,
        null,
        4,
        null,
        null,
        null,
        null,
        4,
        null,
        0,
        null,
        null,
        null,
        1,
        0,
        null,
        null,
        1,
        1,
        1,
        1,
        1,
        1,
        1,
        null,
        null,
        null,
        null,
        1,
        2,
        null,
        0,
        0,
        null,
        null,
        null,
        null,
        1,
        1,
        1,
        1,
        2,
        null,
        null,
        null,
        1,
        null,
        null,
        1,
        0,
        null,
        null
      ],
      "/Users/nellyduclos/code/knopfler81/personnal_projects/kamelot/app/controllers/admin/sales_controller.rb": [
        1,
        1,
        0,
        null,
        null,
        1,
        0,
        null,
        null,
        1,
        2,
        null,
        null,
        1,
        0,
        0,
        0,
        0,
        0,
        0,
        0,
        null,
        0,
        null,
        null,
        null,
        1,
        null,
        1,
        0,
        null,
        null
      ],
      "/Users/nellyduclos/code/knopfler81/personnal_projects/kamelot/app/controllers/clients/payments_controller.rb": [
        1,
        null,
        1,
        null,
        1,
        0,
        null,
        null,
        null,
        null,
        null,
        null,
        null,
        null,
        null,
        null,
        null,
        null,
        null,
        null,
        null,
        0,
        null,
        null,
        null,
        null,
        null,
        null,
        null,
        null,
        0,
        null,
        0,
        null,
        0,
        0,
        0,
        null,
        0,
        0,
        null,
        0,
        0,
        null,
        null,
        0,
        null,
        null,
        null,
        0,
        null,
        null,
        1,
        null,
        1,
        0,
        null,
        null,
        1,
        0,
        null,
        null,
        null,
        1,
        1,
        null,
        null
      ],
      "/Users/nellyduclos/code/knopfler81/personnal_projects/kamelot/app/controllers/admin/returnings_controller.rb": [
        1,
        null,
        1,
        null,
        1,
        1,
        null,
        null,
        1,
        null,
        null,
        1,
        null,
        null,
        1,
        0,
        0,
        null,
        null,
        null,
        1,
        null,
        1,
        7,
        null,
        null,
        1,
        0,
        null,
        null
      ],
      "/Users/nellyduclos/code/knopfler81/personnal_projects/kamelot/app/controllers/admin/suppliers_controller.rb": [
        1,
        null,
        1,
        null,
        1,
        0,
        null,
        null,
        1,
        4,
        4,
        null,
        null,
        null,
        1,
        1,
        null,
        null,
        1,
        1,
        1,
        1,
        null,
        0,
        null,
        null,
        null,
        1,
        null,
        null,
        1,
        1,
        1,
        null,
        0,
        null,
        null,
        null,
        1,
        null,
        1,
        2,
        null,
        null,
        null,
        1,
        6,
        null,
        null
      ],
      "/Users/nellyduclos/code/knopfler81/personnal_projects/kamelot/app/uploaders/attachment_uploader.rb": [
        0,
        0,
        null,
        0,
        null,
        0,
        0,
        0,
        0,
        0,
        null,
        0,
        null,
        0,
        0,
        0,
        null,
        0,
        0,
        0,
        null,
        0,
        0,
        0,
        null,
        0,
        0,
        0,
        null,
        0,
        0,
        0,
        0
      ],
      "/Users/nellyduclos/code/knopfler81/personnal_projects/kamelot/app/mailers/payment_mailer.rb": [
        0,
        null,
        null,
        null,
        null,
        null,
        null,
        0,
        0,
        0,
        0,
        null,
        0,
        0,
        0,
        0,
        0
      ],
      "/Users/nellyduclos/code/knopfler81/personnal_projects/kamelot/app/models/feature_switch.rb": [
        0,
        null,
        0,
        0,
        0,
        null,
        0,
        0,
        0,
        null,
        0
      ],
      "/Users/nellyduclos/code/knopfler81/personnal_projects/kamelot/app/models/product.rb": [
        0,
        null,
        0,
        0,
        0,
        null,
        0,
        0,
        0,
        null,
        0,
        0,
        0,
        0,
        0,
        null,
        null,
        0,
        0,
        null,
        0,
        null,
        0,
        0,
        0,
        0,
        0,
        0,
        0,
        0,
        0,
        null,
        0,
        null,
        null,
        0,
        0,
        0,
        null,
        0,
        0,
        0,
        null,
        0,
        0,
        0,
        null,
        null,
        0,
        0,
        0,
        0,
        0,
        0,
        0,
        0,
        0,
        0,
        0,
        null,
        0,
        null,
        0,
        0,
        0,
        0,
        0,
        0
      ],
      "/Users/nellyduclos/code/knopfler81/personnal_projects/kamelot/app/models/application_record.rb": [
        0,
        0,
        0
      ],
      "/Users/nellyduclos/code/knopfler81/personnal_projects/kamelot/app/models/sticker.rb": [
        0,
        0,
        0
      ],
      "/Users/nellyduclos/code/knopfler81/personnal_projects/kamelot/app/models/user.rb": [
        0,
        null,
        null,
        0,
        0,
        null,
        0,
        0,
        0,
        0,
        0,
        null,
        0,
        0,
        null,
        0,
        0,
        0,
        0,
        null,
        0,
        null,
        null,
        0,
        null,
        null,
        0,
        0,
        0,
        null,
        0,
        0,
        0,
        null,
        0,
        0,
        0,
        null,
        0,
        0,
        0,
        0,
        0,
        null,
        0
      ],
      "/Users/nellyduclos/code/knopfler81/personnal_projects/kamelot/app/jobs/remove_old_stickers_job.rb": [
        0,
        null,
        0,
        null,
        0,
        0,
        0,
        0,
        null,
        0
      ],
      "/Users/nellyduclos/code/knopfler81/personnal_projects/kamelot/app/jobs/application_job.rb": [
        0,
        0
      ],
      "/Users/nellyduclos/code/knopfler81/personnal_projects/kamelot/app/jobs/cart_cleanup_job.rb": [
        0,
        null,
        0,
        null,
        0,
        0,
        null,
        0,
        0,
        null,
        0,
        0,
        0,
        0,
        0,
        null,
        0,
        null,
        0,
        0,
        0,
        0,
        null,
        null,
        null,
        null,
        null,
        null,
        null,
        null,
        null,
        null,
        null,
        null,
        0,
        null
      ],
      "/Users/nellyduclos/code/knopfler81/personnal_projects/kamelot/app/controllers/clients/categories_controller.rb": [
        0,
        null,
        0,
        0,
        0,
        null,
        0,
        0,
        0,
        0,
        0,
        null,
        0
      ],
      "/Users/nellyduclos/code/knopfler81/personnal_projects/kamelot/app/controllers/clients/customization_controller.rb": [
        0,
        0,
        0,
        null,
        0,
        0,
        null,
        0,
        0,
        0,
        0,
        0,
        0,
        0,
        null,
        0,
        null,
        0,
        0,
        0,
        null,
        0,
        0,
        0,
        0,
        0,
        0,
        0,
        0,
        0,
        0,
        0,
        0,
        0,
        0,
        0,
        0,
        0,
        0,
        0,
        0,
        0,
        0,
        0,
        0,
        0,
        0,
        0,
        null,
        0
      ],
      "/Users/nellyduclos/code/knopfler81/personnal_projects/kamelot/app/controllers/clients/users_controller.rb": [
        0,
        null,
        0,
        0,
        null,
        0,
        0,
        null,
        0,
        0,
        0,
        null,
        0,
        null,
        0,
        0,
        0,
        0
      ],
      "/Users/nellyduclos/code/knopfler81/personnal_projects/kamelot/app/controllers/clients/contacts_controller.rb": [
        0,
        null,
        0,
        0,
        0,
        null,
        0,
        0,
        0,
        0,
        0,
        0,
        0,
        0,
        0,
        0,
        0,
        0,
        0,
        null,
        0,
        0,
        0,
        0,
        0
      ],
      "/Users/nellyduclos/code/knopfler81/personnal_projects/kamelot/app/controllers/admin/attachments_controller.rb": [
        0,
        0,
        null,
        0,
        null,
        0,
        0,
        0,
        0,
        0,
        0,
        0,
        0,
        null,
        0,
        0,
        0,
        0,
        0,
        0,
        null,
        0,
        null,
        0,
        0,
        0,
        null,
        0,
        0,
        0,
        0,
        0,
        null,
        0,
        0,
        0,
        0,
        0,
        0,
        0,
        0,
        0,
        null,
        0,
        0,
        0,
        0
      ],
      "/Users/nellyduclos/code/knopfler81/personnal_projects/kamelot/app/controllers/admin/variants_controller.rb": [
        0,
        null,
        0,
        0,
        0,
        null,
        0,
        0,
        0,
        null,
        0,
        0,
        0,
        0,
        null,
        0,
        0,
        0,
        0,
        null,
        0,
        0,
        0,
        0,
        0
      ],
      "/Users/nellyduclos/code/knopfler81/personnal_projects/kamelot/app/controllers/admin/dashboards_controller.rb": [
        0,
        null,
        0,
        0,
        0,
        0,
        0,
        0,
        null,
        0,
        0,
        0,
        0,
        0,
        0,
        null,
        0,
        null,
        0,
        0,
        0,
        null,
        0,
        0,
        0,
        null,
        0,
        0,
        0,
        0,
        0,
        0,
        0,
        0
      ],
      "/Users/nellyduclos/code/knopfler81/personnal_projects/kamelot/app/controllers/admin/stocks_controller.rb": [
        0,
        null,
        0,
        0,
        0,
        null,
        0,
        0,
        0,
        0,
        0,
        0,
        0,
        null,
        0,
        0,
        0,
        0,
        0,
        null,
        0,
        0,
        0,
        0,
        0,
        0,
        0,
        0,
        0,
        0,
        null,
        null,
        0,
        0,
        0,
        null,
        null,
        null,
        0,
        null,
        0,
        0,
        0,
        null,
        0,
        0,
        0,
        null,
        null,
        0,
        0,
        0,
        0,
        0
      ],
      "/Users/nellyduclos/code/knopfler81/personnal_projects/kamelot/app/controllers/admin/users_controller.rb": [
        0,
        null,
        0,
        0,
        0,
        null,
        0,
        0,
        0,
        0,
        null,
        0,
        null,
        0,
        0,
        0,
        0
      ],
      "/Users/nellyduclos/code/knopfler81/personnal_projects/kamelot/app/controllers/admin/stickers_controller.rb": [
        0,
        0,
        0,
        0,
        0,
        null,
        0,
        0,
        0,
        null,
        0,
        0,
        0,
        0,
        0,
        0,
        null,
        0,
        0,
        0,
        0,
        0,
        0,
        0,
        0,
        0,
        0,
        0,
        0,
        0,
        0,
        null,
        0,
        null,
        0,
        0,
        0,
        null,
        0,
        0,
        0,
        null,
        0,
        0,
        0,
        null,
        0
      ],
      "/Users/nellyduclos/code/knopfler81/personnal_projects/kamelot/app/controllers/concerns/reset_customization.rb": [
        0,
        0,
        0,
        0,
        0,
        0,
        0,
        0,
        0,
        0,
        0,
        0,
        0,
        0,
        0,
        0,
        0,
        0,
        0,
        0,
        0
      ],
      "/Users/nellyduclos/code/knopfler81/personnal_projects/kamelot/app/controllers/registrations_controller.rb": [
        0,
        null,
        0,
        null,
        0,
        0,
        0,
        null,
        0,
        0,
        0,
        null,
        0,
        0,
        0,
        null,
        0,
        0,
        0,
        0
      ],
      "/Users/nellyduclos/code/knopfler81/personnal_projects/kamelot/app/helpers/clients/meta_tags_helper.rb": [
        0,
        null,
        0,
        0,
        0,
        null,
        0,
        0,
        0,
        null,
        0,
        0,
        null,
        null,
        0,
        0,
        null,
        0
      ],
      "/Users/nellyduclos/code/knopfler81/personnal_projects/kamelot/app/helpers/clients/order_items_helper.rb": [
        0,
        null,
        0,
        0,
        0,
        0
      ],
      "/Users/nellyduclos/code/knopfler81/personnal_projects/kamelot/app/helpers/admin/returnings_helper.rb": [
        0,
        0
      ],
      "/Users/nellyduclos/code/knopfler81/personnal_projects/kamelot/app/helpers/admin/navigation_helper.rb": [
        0,
        0,
        0,
        0,
        0,
        0,
        0,
        0,
        0,
        0,
        0,
        0,
        0,
        0,
        0,
        0,
        0,
        0,
        0,
        0
      ],
      "/Users/nellyduclos/code/knopfler81/personnal_projects/kamelot/app/helpers/admin/order_helper.rb": [
        0,
        null,
        0,
        0,
        0,
        null,
        null,
        0,
        0,
        0,
        0
      ],
      "/Users/nellyduclos/code/knopfler81/personnal_projects/kamelot/app/helpers/admin/meta_tags_helper.rb": [
        0,
        null,
        0,
        0,
        0,
        null,
        0,
        0,
        0,
        null,
        0,
        0,
        null,
        null,
        0,
        0,
        null,
        0
      ],
      "/Users/nellyduclos/code/knopfler81/personnal_projects/kamelot/app/helpers/orders_helper.rb": [
        0,
        0,
        0,
        0,
        0
      ],
      "/Users/nellyduclos/code/knopfler81/personnal_projects/kamelot/app/helpers/products_helper.rb": [
        0,
        0,
        0,
        0,
        null,
        0,
        0,
        0,
        0,
        0,
        0
      ],
      "/Users/nellyduclos/code/knopfler81/personnal_projects/kamelot/app/helpers/application_helper.rb": [
        0,
        null,
        null,
        null,
        0,
        null,
        0,
        0,
        0,
        0,
        null,
        0,
        0,
        0,
        0,
        0,
        0,
        0,
        0,
        0,
        0,
        0,
        null,
        0,
        0,
        0,
        0,
        0,
        0,
        0,
        0,
        0,
        0,
        0,
        0,
        0,
        0,
        0,
        null,
        0,
        0,
        0,
        null,
        0,
        0,
        0,
        0,
        0,
        null,
        0,
        0,
        0,
        0,
        0,
        0,
        0,
        0,
        null,
        0,
        0,
        0,
        null,
        null,
        null,
        0,
        0,
        0,
        0,
        null,
        0,
        0,
        0,
        0,
        null,
        0,
        0,
        0,
        0,
        null,
        0,
        0,
        0,
        0,
        null,
        0,
        0,
        0,
        0,
        null,
        0,
        0,
        0,
        0,
        null,
        0,
        0,
        0,
        0,
        null,
        null,
        0,
        0,
        0,
        0,
        0
      ],
      "/Users/nellyduclos/code/knopfler81/personnal_projects/kamelot/app/services/twilio_client.rb": [
        0,
        0,
        0,
        null,
        0,
        0,
        0,
        0,
        0,
        0,
        null,
        0,
        0,
        null,
        0,
        0,
        0,
        0,
        0,
        0,
        0,
        null,
        0,
        0,
        0
      ],
      "/Users/nellyduclos/code/knopfler81/personnal_projects/kamelot/app/channels/application_cable/connection.rb": [
        0,
        0,
        0,
        0
      ],
      "/Users/nellyduclos/code/knopfler81/personnal_projects/kamelot/app/channels/application_cable/channel.rb": [
        0,
        0,
        0,
        0
      ]
    },
    "timestamp": 1558735200
  }
}
